<?xml version="1.0" encoding="UTF-8"?>
<!-- Generated by org.testng.reporters.JUnitReportReporter -->
<testsuite hostname="LINDA_JASMINE" failures="0" tests="3" name="testRunner.TestRunnerTestNG" time="50.439" errors="0" timestamp="2023-02-22T21:15:32 IST" skipped="0">
  <testcase classname="testRunner.TestRunnerTestNG" name="runScenario" time="16.036"/>
  <system-out/>
  <testcase classname="testRunner.TestRunnerTestNG" name="runScenario" time="15.272"/>
  <system-out/>
  <testcase classname="testRunner.TestRunnerTestNG" name="runScenario" time="19.131"/>
  <system-out/>
</testsuite> <!-- testRunner.TestRunnerTestNG -->
