<?xml version="1.0" encoding="UTF-8"?>
<!-- Generated by org.testng.reporters.JUnitReportReporter -->
<testsuite hostname="LINDA_JASMINE" failures="0" tests="3" name="testRunner.TestRunnerTestNG" time="88.128" errors="0" timestamp="2023-02-22T21:17:33 IST" skipped="0">
  <testcase classname="testRunner.TestRunnerTestNG" name="runScenario" time="49.534"/>
  <system-out/>
  <testcase classname="testRunner.TestRunnerTestNG" name="runScenario" time="12.959"/>
  <system-out/>
  <testcase classname="testRunner.TestRunnerTestNG" name="runScenario" time="25.635"/>
  <system-out/>
</testsuite> <!-- testRunner.TestRunnerTestNG -->
